2024-05-16 11:47:20, INFO: Current git head hash code: %s
2024-05-16 11:47:20, INFO: Using device: cpu
2024-05-16 11:47:20, INFO: human number: 5
2024-05-16 11:47:20, INFO: Not randomize human's radius and preferred speed
2024-05-16 11:47:20, INFO: Training simulation: circle_crossing, test simulation: circle_crossing
2024-05-16 11:47:20, INFO: Square width: 10.0, circle width: 4.0
2024-05-16 11:47:20, INFO: Current learning rate: 0.010000
2024-05-16 11:47:29, INFO: TRAIN has success rate: 0.89, collision rate: 0.10, nav time: 12.25, total reward: 0.2361
2024-05-16 11:47:31, INFO: Finish imitation learning. Weights saved.
2024-05-16 11:47:31, INFO: Experience set size: 9065/100000
2024-05-16 11:47:31, INFO: Agent is invisible and has holonomic kinematic constraint
2024-05-16 11:47:31, INFO: Current learning rate: 0.001000
2024-05-16 11:47:37, INFO: TRAIN in episode 0 has success rate: 0.00, collision rate: 0.00, nav time: 25.00, total reward: 0.0000
2024-05-16 11:47:45, INFO: TRAIN in episode 1 has success rate: 0.00, collision rate: 0.00, nav time: 25.00, total reward: 0.0000
2024-05-16 11:47:51, INFO: TRAIN in episode 2 has success rate: 0.00, collision rate: 0.00, nav time: 25.00, total reward: 0.0000
2024-05-16 11:47:57, INFO: TRAIN in episode 3 has success rate: 0.00, collision rate: 0.00, nav time: 25.00, total reward: 0.0000
2024-05-16 11:48:04, INFO: TRAIN in episode 4 has success rate: 0.00, collision rate: 0.00, nav time: 25.00, total reward: 0.0000
2024-05-16 11:48:11, INFO: TRAIN in episode 5 has success rate: 0.00, collision rate: 0.00, nav time: 25.00, total reward: 0.0000
2024-05-16 11:48:17, INFO: TRAIN in episode 6 has success rate: 0.00, collision rate: 0.00, nav time: 25.00, total reward: 0.0000
2024-05-16 11:48:24, INFO: TRAIN in episode 7 has success rate: 0.00, collision rate: 0.00, nav time: 25.00, total reward: 0.0000
2024-05-16 11:48:31, INFO: TRAIN in episode 8 has success rate: 0.00, collision rate: 0.00, nav time: 25.00, total reward: 0.0000
2024-05-16 11:48:38, INFO: TRAIN in episode 9 has success rate: 0.00, collision rate: 0.00, nav time: 25.00, total reward: 0.0000
2024-05-16 11:48:46, INFO: TRAIN in episode 10 has success rate: 0.00, collision rate: 0.00, nav time: 25.00, total reward: 0.0000
2024-05-16 11:48:52, INFO: TRAIN in episode 11 has success rate: 0.00, collision rate: 0.00, nav time: 25.00, total reward: 0.0000
2024-05-16 11:48:58, INFO: TRAIN in episode 12 has success rate: 0.00, collision rate: 0.00, nav time: 25.00, total reward: 0.0000
2024-05-16 11:49:04, INFO: TRAIN in episode 13 has success rate: 0.00, collision rate: 0.00, nav time: 25.00, total reward: 0.0000
